<?xml version="1.0" encoding="UTF-8"?>
<testsuite xmlns:xsi="http://www.w3.org/2001/XMLSchema-instance" xsi:noNamespaceSchemaLocation="https://maven.apache.org/surefire/maven-surefire-plugin/xsd/surefire-test-report-3.0.xsd" version="3.0" name="TestSuite" time="5.242" tests="3" errors="0" skipped="2" failures="1">
  <properties>
    <property name="sun.desktop" value="windows"/>
    <property name="awt.toolkit" value="sun.awt.windows.WToolkit"/>
    <property name="java.specification.version" value="1.8"/>
    <property name="file.encoding.pkg" value="sun.io"/>
    <property name="webdriver.chrome.driver" value="C:\Users\Avenger\IdeaProjects\TestNG_June2021\src\test\resources\executables\chromedriver.exe"/>
    <property name="sun.cpu.isalist" value="amd64"/>
    <property name="sun.jnu.encoding" value="Cp1252"/>
    <property name="java.class.path" value="C:\Users\Avenger\IdeaProjects\TestNG_June2021\target\test-classes;C:\Users\Avenger\IdeaProjects\TestNG_June2021\target\classes;C:\Users\Avenger\.m2\repository\org\seleniumhq\selenium\selenium-java\3.141.59\selenium-java-3.141.59.jar;C:\Users\Avenger\.m2\repository\org\seleniumhq\selenium\selenium-api\3.141.59\selenium-api-3.141.59.jar;C:\Users\Avenger\.m2\repository\org\seleniumhq\selenium\selenium-edge-driver\3.141.59\selenium-edge-driver-3.141.59.jar;C:\Users\Avenger\.m2\repository\org\seleniumhq\selenium\selenium-firefox-driver\3.141.59\selenium-firefox-driver-3.141.59.jar;C:\Users\Avenger\.m2\repository\org\seleniumhq\selenium\selenium-ie-driver\3.141.59\selenium-ie-driver-3.141.59.jar;C:\Users\Avenger\.m2\repository\org\seleniumhq\selenium\selenium-opera-driver\3.141.59\selenium-opera-driver-3.141.59.jar;C:\Users\Avenger\.m2\repository\org\seleniumhq\selenium\selenium-remote-driver\3.141.59\selenium-remote-driver-3.141.59.jar;C:\Users\Avenger\.m2\repository\org\seleniumhq\selenium\selenium-safari-driver\3.141.59\selenium-safari-driver-3.141.59.jar;C:\Users\Avenger\.m2\repository\org\seleniumhq\selenium\selenium-support\3.141.59\selenium-support-3.141.59.jar;C:\Users\Avenger\.m2\repository\net\bytebuddy\byte-buddy\1.8.15\byte-buddy-1.8.15.jar;C:\Users\Avenger\.m2\repository\org\apache\commons\commons-exec\1.3\commons-exec-1.3.jar;C:\Users\Avenger\.m2\repository\com\google\guava\guava\25.0-jre\guava-25.0-jre.jar;C:\Users\Avenger\.m2\repository\com\google\code\findbugs\jsr305\1.3.9\jsr305-1.3.9.jar;C:\Users\Avenger\.m2\repository\org\checkerframework\checker-compat-qual\2.0.0\checker-compat-qual-2.0.0.jar;C:\Users\Avenger\.m2\repository\com\google\errorprone\error_prone_annotations\2.1.3\error_prone_annotations-2.1.3.jar;C:\Users\Avenger\.m2\repository\com\google\j2objc\j2objc-annotations\1.1\j2objc-annotations-1.1.jar;C:\Users\Avenger\.m2\repository\org\codehaus\mojo\animal-sniffer-annotations\1.14\animal-sniffer-annotations-1.14.jar;C:\Users\Avenger\.m2\repository\com\squareup\okhttp3\okhttp\3.11.0\okhttp-3.11.0.jar;C:\Users\Avenger\.m2\repository\com\squareup\okio\okio\1.14.0\okio-1.14.0.jar;C:\Users\Avenger\.m2\repository\org\apache\httpcomponents\httpclient\4.5.13\httpclient-4.5.13.jar;C:\Users\Avenger\.m2\repository\org\apache\httpcomponents\httpcore\4.4.13\httpcore-4.4.13.jar;C:\Users\Avenger\.m2\repository\commons-logging\commons-logging\1.2\commons-logging-1.2.jar;C:\Users\Avenger\.m2\repository\commons-codec\commons-codec\1.11\commons-codec-1.11.jar;C:\Users\Avenger\.m2\repository\org\testng\testng\7.1.0\testng-7.1.0.jar;C:\Users\Avenger\.m2\repository\com\beust\jcommander\1.72\jcommander-1.72.jar;C:\Users\Avenger\.m2\repository\com\google\inject\guice\4.1.0\guice-4.1.0-no_aop.jar;C:\Users\Avenger\.m2\repository\org\yaml\snakeyaml\1.21\snakeyaml-1.21.jar;C:\Users\Avenger\.m2\repository\net\rcarz\jira-client\0.5\jira-client-0.5.jar;C:\Users\Avenger\.m2\repository\org\apache\httpcomponents\httpmime\4.2.5\httpmime-4.2.5.jar;C:\Users\Avenger\.m2\repository\net\sf\json-lib\json-lib\2.4\json-lib-2.4-jdk15.jar;C:\Users\Avenger\.m2\repository\commons-beanutils\commons-beanutils\1.8.0\commons-beanutils-1.8.0.jar;C:\Users\Avenger\.m2\repository\commons-collections\commons-collections\3.2.1\commons-collections-3.2.1.jar;C:\Users\Avenger\.m2\repository\commons-lang\commons-lang\2.5\commons-lang-2.5.jar;C:\Users\Avenger\.m2\repository\net\sf\ezmorph\ezmorph\1.0.6\ezmorph-1.0.6.jar;C:\Users\Avenger\.m2\repository\joda-time\joda-time\2.3\joda-time-2.3.jar;C:\Users\Avenger\.m2\repository\junit\junit\4.8.2\junit-4.8.2.jar;C:\Users\Avenger\.m2\repository\org\mockito\mockito-all\1.9.0\mockito-all-1.9.0.jar;C:\Users\Avenger\.m2\repository\commons-httpclient\commons-httpclient\3.1\commons-httpclient-3.1.jar;C:\Users\Avenger\.m2\repository\org\seleniumhq\selenium\selenium-chrome-driver\3.141.59\selenium-chrome-driver-3.141.59.jar;C:\Users\Avenger\.m2\repository\ch\qos\logback\logback-classic\1.1.7\logback-classic-1.1.7.jar;C:\Users\Avenger\.m2\repository\ch\qos\logback\logback-core\1.1.7\logback-core-1.1.7.jar;C:\Users\Avenger\.m2\repository\com\github\sdrss\reportng\2.6.2\reportng-2.6.2.jar;C:\Users\Avenger\.m2\repository\velocity\velocity\1.5\velocity-1.5.jar;C:\Users\Avenger\.m2\repository\oro\oro\2.0.8\oro-2.0.8.jar;C:\Users\Avenger\.m2\repository\commons-io\commons-io\2.7\commons-io-2.7.jar;C:\Users\Avenger\.m2\repository\com\fasterxml\jackson\core\jackson-core\2.10.1\jackson-core-2.10.1.jar;C:\Users\Avenger\.m2\repository\com\fasterxml\jackson\core\jackson-databind\2.10.5.1\jackson-databind-2.10.5.1.jar;C:\Users\Avenger\.m2\repository\com\fasterxml\jackson\core\jackson-annotations\2.10.1\jackson-annotations-2.10.1.jar;C:\Users\Avenger\.m2\repository\com\google\inject\guice\5.0.1\guice-5.0.1.jar;C:\Users\Avenger\.m2\repository\javax\inject\javax.inject\1\javax.inject-1.jar;C:\Users\Avenger\.m2\repository\aopalliance\aopalliance\1.0\aopalliance-1.0.jar;C:\Users\Avenger\.m2\repository\javax\mail\javax.mail-api\1.6.2\javax.mail-api-1.6.2.jar;C:\Users\Avenger\.m2\repository\mysql\mysql-connector-java\6.0.5\mysql-connector-java-6.0.5.jar;C:\Users\Avenger\.m2\repository\org\apache\poi\poi\3.6\poi-3.6.jar;C:\Users\Avenger\.m2\repository\log4j\log4j\1.2.13\log4j-1.2.13.jar;C:\Users\Avenger\.m2\repository\org\apache\poi\poi-ooxml\3.6\poi-ooxml-3.6.jar;C:\Users\Avenger\.m2\repository\dom4j\dom4j\1.1\dom4j-1.1.jar;C:\Users\Avenger\.m2\repository\org\apache\xmlbeans\xmlbeans\2.3.0\xmlbeans-2.3.0.jar;C:\Users\Avenger\.m2\repository\stax\stax-api\1.0.1\stax-api-1.0.1.jar;C:\Users\Avenger\.m2\repository\org\apache\poi\poi-ooxml-schemas\3.6\poi-ooxml-schemas-3.6.jar;C:\Users\Avenger\.m2\repository\org\apache\geronimo\specs\geronimo-stax-api_1.0_spec\1.0\geronimo-stax-api_1.0_spec-1.0.jar;C:\Users\Avenger\.m2\repository\com\relevantcodes\extentreports\2.41.2\extentreports-2.41.2.jar;C:\Users\Avenger\.m2\repository\org\jsoup\jsoup\1.8.3\jsoup-1.8.3.jar;C:\Users\Avenger\.m2\repository\org\xerial\sqlite-jdbc\3.8.11.1\sqlite-jdbc-3.8.11.1.jar;C:\Users\Avenger\.m2\repository\org\freemarker\freemarker\2.3.23\freemarker-2.3.23.jar;C:\Users\Avenger\.m2\repository\org\mongodb\mongodb-driver\3.0.4\mongodb-driver-3.0.4.jar;C:\Users\Avenger\.m2\repository\org\mongodb\bson\3.0.4\bson-3.0.4.jar;C:\Users\Avenger\.m2\repository\org\mongodb\mongodb-driver-core\3.0.4\mongodb-driver-core-3.0.4.jar;C:\Users\Avenger\.m2\repository\org\slf4j\slf4j-api\1.7.30\slf4j-api-1.7.30.jar;"/>
    <property name="testng.Skipped" value="2"/>
    <property name="java.vm.vendor" value="Oracle Corporation"/>
    <property name="sun.arch.data.model" value="64"/>
    <property name="user.variant" value=""/>
    <property name="java.vendor.url" value="http://java.oracle.com/"/>
    <property name="user.timezone" value="Asia/Calcutta"/>
    <property name="java.vm.specification.version" value="1.8"/>
    <property name="os.name" value="Windows 10"/>
    <property name="user.country" value="US"/>
    <property name="sun.java.launcher" value="SUN_STANDARD"/>
    <property name="sun.boot.library.path" value="C:\Program Files\Java\jdk1.8.0_231\jre\bin"/>
    <property name="sun.java.command" value="C:\Users\Avenger\AppData\Local\Temp\surefire4392375807752536976\surefirebooter4689920302221785444.jar C:\Users\Avenger\AppData\Local\Temp\surefire4392375807752536976 2021-11-27T09-32-59_735-jvmRun1 surefire6942151231879173764tmp surefire_03257173235076713109tmp"/>
    <property name="surefire.test.class.path" value="C:\Users\Avenger\IdeaProjects\TestNG_June2021\target\test-classes;C:\Users\Avenger\IdeaProjects\TestNG_June2021\target\classes;C:\Users\Avenger\.m2\repository\org\seleniumhq\selenium\selenium-java\3.141.59\selenium-java-3.141.59.jar;C:\Users\Avenger\.m2\repository\org\seleniumhq\selenium\selenium-api\3.141.59\selenium-api-3.141.59.jar;C:\Users\Avenger\.m2\repository\org\seleniumhq\selenium\selenium-edge-driver\3.141.59\selenium-edge-driver-3.141.59.jar;C:\Users\Avenger\.m2\repository\org\seleniumhq\selenium\selenium-firefox-driver\3.141.59\selenium-firefox-driver-3.141.59.jar;C:\Users\Avenger\.m2\repository\org\seleniumhq\selenium\selenium-ie-driver\3.141.59\selenium-ie-driver-3.141.59.jar;C:\Users\Avenger\.m2\repository\org\seleniumhq\selenium\selenium-opera-driver\3.141.59\selenium-opera-driver-3.141.59.jar;C:\Users\Avenger\.m2\repository\org\seleniumhq\selenium\selenium-remote-driver\3.141.59\selenium-remote-driver-3.141.59.jar;C:\Users\Avenger\.m2\repository\org\seleniumhq\selenium\selenium-safari-driver\3.141.59\selenium-safari-driver-3.141.59.jar;C:\Users\Avenger\.m2\repository\org\seleniumhq\selenium\selenium-support\3.141.59\selenium-support-3.141.59.jar;C:\Users\Avenger\.m2\repository\net\bytebuddy\byte-buddy\1.8.15\byte-buddy-1.8.15.jar;C:\Users\Avenger\.m2\repository\org\apache\commons\commons-exec\1.3\commons-exec-1.3.jar;C:\Users\Avenger\.m2\repository\com\google\guava\guava\25.0-jre\guava-25.0-jre.jar;C:\Users\Avenger\.m2\repository\com\google\code\findbugs\jsr305\1.3.9\jsr305-1.3.9.jar;C:\Users\Avenger\.m2\repository\org\checkerframework\checker-compat-qual\2.0.0\checker-compat-qual-2.0.0.jar;C:\Users\Avenger\.m2\repository\com\google\errorprone\error_prone_annotations\2.1.3\error_prone_annotations-2.1.3.jar;C:\Users\Avenger\.m2\repository\com\google\j2objc\j2objc-annotations\1.1\j2objc-annotations-1.1.jar;C:\Users\Avenger\.m2\repository\org\codehaus\mojo\animal-sniffer-annotations\1.14\animal-sniffer-annotations-1.14.jar;C:\Users\Avenger\.m2\repository\com\squareup\okhttp3\okhttp\3.11.0\okhttp-3.11.0.jar;C:\Users\Avenger\.m2\repository\com\squareup\okio\okio\1.14.0\okio-1.14.0.jar;C:\Users\Avenger\.m2\repository\org\apache\httpcomponents\httpclient\4.5.13\httpclient-4.5.13.jar;C:\Users\Avenger\.m2\repository\org\apache\httpcomponents\httpcore\4.4.13\httpcore-4.4.13.jar;C:\Users\Avenger\.m2\repository\commons-logging\commons-logging\1.2\commons-logging-1.2.jar;C:\Users\Avenger\.m2\repository\commons-codec\commons-codec\1.11\commons-codec-1.11.jar;C:\Users\Avenger\.m2\repository\org\testng\testng\7.1.0\testng-7.1.0.jar;C:\Users\Avenger\.m2\repository\com\beust\jcommander\1.72\jcommander-1.72.jar;C:\Users\Avenger\.m2\repository\com\google\inject\guice\4.1.0\guice-4.1.0-no_aop.jar;C:\Users\Avenger\.m2\repository\org\yaml\snakeyaml\1.21\snakeyaml-1.21.jar;C:\Users\Avenger\.m2\repository\net\rcarz\jira-client\0.5\jira-client-0.5.jar;C:\Users\Avenger\.m2\repository\org\apache\httpcomponents\httpmime\4.2.5\httpmime-4.2.5.jar;C:\Users\Avenger\.m2\repository\net\sf\json-lib\json-lib\2.4\json-lib-2.4-jdk15.jar;C:\Users\Avenger\.m2\repository\commons-beanutils\commons-beanutils\1.8.0\commons-beanutils-1.8.0.jar;C:\Users\Avenger\.m2\repository\commons-collections\commons-collections\3.2.1\commons-collections-3.2.1.jar;C:\Users\Avenger\.m2\repository\commons-lang\commons-lang\2.5\commons-lang-2.5.jar;C:\Users\Avenger\.m2\repository\net\sf\ezmorph\ezmorph\1.0.6\ezmorph-1.0.6.jar;C:\Users\Avenger\.m2\repository\joda-time\joda-time\2.3\joda-time-2.3.jar;C:\Users\Avenger\.m2\repository\junit\junit\4.8.2\junit-4.8.2.jar;C:\Users\Avenger\.m2\repository\org\mockito\mockito-all\1.9.0\mockito-all-1.9.0.jar;C:\Users\Avenger\.m2\repository\commons-httpclient\commons-httpclient\3.1\commons-httpclient-3.1.jar;C:\Users\Avenger\.m2\repository\org\seleniumhq\selenium\selenium-chrome-driver\3.141.59\selenium-chrome-driver-3.141.59.jar;C:\Users\Avenger\.m2\repository\ch\qos\logback\logback-classic\1.1.7\logback-classic-1.1.7.jar;C:\Users\Avenger\.m2\repository\ch\qos\logback\logback-core\1.1.7\logback-core-1.1.7.jar;C:\Users\Avenger\.m2\repository\com\github\sdrss\reportng\2.6.2\reportng-2.6.2.jar;C:\Users\Avenger\.m2\repository\velocity\velocity\1.5\velocity-1.5.jar;C:\Users\Avenger\.m2\repository\oro\oro\2.0.8\oro-2.0.8.jar;C:\Users\Avenger\.m2\repository\commons-io\commons-io\2.7\commons-io-2.7.jar;C:\Users\Avenger\.m2\repository\com\fasterxml\jackson\core\jackson-core\2.10.1\jackson-core-2.10.1.jar;C:\Users\Avenger\.m2\repository\com\fasterxml\jackson\core\jackson-databind\2.10.5.1\jackson-databind-2.10.5.1.jar;C:\Users\Avenger\.m2\repository\com\fasterxml\jackson\core\jackson-annotations\2.10.1\jackson-annotations-2.10.1.jar;C:\Users\Avenger\.m2\repository\com\google\inject\guice\5.0.1\guice-5.0.1.jar;C:\Users\Avenger\.m2\repository\javax\inject\javax.inject\1\javax.inject-1.jar;C:\Users\Avenger\.m2\repository\aopalliance\aopalliance\1.0\aopalliance-1.0.jar;C:\Users\Avenger\.m2\repository\javax\mail\javax.mail-api\1.6.2\javax.mail-api-1.6.2.jar;C:\Users\Avenger\.m2\repository\mysql\mysql-connector-java\6.0.5\mysql-connector-java-6.0.5.jar;C:\Users\Avenger\.m2\repository\org\apache\poi\poi\3.6\poi-3.6.jar;C:\Users\Avenger\.m2\repository\log4j\log4j\1.2.13\log4j-1.2.13.jar;C:\Users\Avenger\.m2\repository\org\apache\poi\poi-ooxml\3.6\poi-ooxml-3.6.jar;C:\Users\Avenger\.m2\repository\dom4j\dom4j\1.1\dom4j-1.1.jar;C:\Users\Avenger\.m2\repository\org\apache\xmlbeans\xmlbeans\2.3.0\xmlbeans-2.3.0.jar;C:\Users\Avenger\.m2\repository\stax\stax-api\1.0.1\stax-api-1.0.1.jar;C:\Users\Avenger\.m2\repository\org\apache\poi\poi-ooxml-schemas\3.6\poi-ooxml-schemas-3.6.jar;C:\Users\Avenger\.m2\repository\org\apache\geronimo\specs\geronimo-stax-api_1.0_spec\1.0\geronimo-stax-api_1.0_spec-1.0.jar;C:\Users\Avenger\.m2\repository\com\relevantcodes\extentreports\2.41.2\extentreports-2.41.2.jar;C:\Users\Avenger\.m2\repository\org\jsoup\jsoup\1.8.3\jsoup-1.8.3.jar;C:\Users\Avenger\.m2\repository\org\xerial\sqlite-jdbc\3.8.11.1\sqlite-jdbc-3.8.11.1.jar;C:\Users\Avenger\.m2\repository\org\freemarker\freemarker\2.3.23\freemarker-2.3.23.jar;C:\Users\Avenger\.m2\repository\org\mongodb\mongodb-driver\3.0.4\mongodb-driver-3.0.4.jar;C:\Users\Avenger\.m2\repository\org\mongodb\bson\3.0.4\bson-3.0.4.jar;C:\Users\Avenger\.m2\repository\org\mongodb\mongodb-driver-core\3.0.4\mongodb-driver-core-3.0.4.jar;C:\Users\Avenger\.m2\repository\org\slf4j\slf4j-api\1.7.30\slf4j-api-1.7.30.jar;"/>
    <property name="sun.cpu.endian" value="little"/>
    <property name="user.home" value="C:\Users\Avenger"/>
    <property name="user.language" value="en"/>
    <property name="java.specification.vendor" value="Oracle Corporation"/>
    <property name="java.home" value="C:\Program Files\Java\jdk1.8.0_231\jre"/>
    <property name="basedir" value="C:\Users\Avenger\IdeaProjects\TestNG_June2021"/>
    <property name="file.separator" value="\"/>
    <property name="line.separator" value="&#10;"/>
    <property name="testng.Failed" value="0"/>
    <property name="java.vm.specification.vendor" value="Oracle Corporation"/>
    <property name="java.specification.name" value="Java Platform API Specification"/>
    <property name="java.awt.graphicsenv" value="sun.awt.Win32GraphicsEnvironment"/>
    <property name="surefire.real.class.path" value="C:\Users\Avenger\AppData\Local\Temp\surefire4392375807752536976\surefirebooter4689920302221785444.jar"/>
    <property name="sun.boot.class.path" value="C:\Program Files\Java\jdk1.8.0_231\jre\lib\resources.jar;C:\Program Files\Java\jdk1.8.0_231\jre\lib\rt.jar;C:\Program Files\Java\jdk1.8.0_231\jre\lib\sunrsasign.jar;C:\Program Files\Java\jdk1.8.0_231\jre\lib\jsse.jar;C:\Program Files\Java\jdk1.8.0_231\jre\lib\jce.jar;C:\Program Files\Java\jdk1.8.0_231\jre\lib\charsets.jar;C:\Program Files\Java\jdk1.8.0_231\jre\lib\jfr.jar;C:\Program Files\Java\jdk1.8.0_231\jre\classes"/>
    <property name="user.script" value=""/>
    <property name="sun.management.compiler" value="HotSpot 64-Bit Tiered Compilers"/>
    <property name="java.runtime.version" value="1.8.0_231-b11"/>
    <property name="user.name" value="Avenger"/>
    <property name="path.separator" value=";"/>
    <property name="os.version" value="10.0"/>
    <property name="testng.KnownDefect" value="0"/>
    <property name="java.endorsed.dirs" value="C:\Program Files\Java\jdk1.8.0_231\jre\lib\endorsed"/>
    <property name="java.runtime.name" value="Java(TM) SE Runtime Environment"/>
    <property name="file.encoding" value="Cp1252"/>
    <property name="testng.Fixed" value="0"/>
    <property name="java.vm.name" value="Java HotSpot(TM) 64-Bit Server VM"/>
    <property name="localRepository" value="C:\Users\Avenger\.m2\repository"/>
    <property name="java.vendor.url.bug" value="http://bugreport.sun.com/bugreport/"/>
    <property name="java.io.tmpdir" value="C:\Users\Avenger\AppData\Local\Temp\"/>
    <property name="idea.version" value="2021.1.3"/>
    <property name="java.version" value="1.8.0_231"/>
    <property name="user.dir" value="C:\Users\Avenger\IdeaProjects\TestNG_June2021"/>
    <property name="os.arch" value="amd64"/>
    <property name="java.vm.specification.name" value="Java Virtual Machine Specification"/>
    <property name="java.awt.printerjob" value="sun.awt.windows.WPrinterJob"/>
    <property name="sun.os.patch.level" value=""/>
    <property name="java.library.path" value="C:\Program Files\Java\jdk1.8.0_231\jre\bin;C:\WINDOWS\Sun\Java\bin;C:\WINDOWS\system32;C:\WINDOWS;C:\Program Files\AdoptOpenJDK\jdk-8.0.232.09-hotspot\bin;C:\Program Files (x86)\Common Files\Oracle\Java\javapath;C:\Program Files\Broadcom\Broadcom 802.11;C:\WINDOWS\system32;C:\WINDOWS;C:\WINDOWS\System32\Wbem;C:\WINDOWS\System32\WindowsPowerShell\v1.0\;C:\Program Files (x86)\AMD\ATI.ACE\Core-Static;C:\Program Files\Java\jdk1.8.0_231\bin;E:\Selenium_assignments\ANT_Integration\apache-ant-1.9.14\bin;C:\Program Files\WIDCOMM\Bluetooth Software\;C:\Program Files\WIDCOMM\Bluetooth Software\syswow64;C:\Program Files\apache-maven-3.8.1\bin;C:\WINDOWS\System32\OpenSSH\;C:\Users\Avenger\AppData\Local\Microsoft\WindowsApps;C:\Users\Avenger\AppData\Local\GitHubDesktop\bin;;."/>
    <property name="java.vm.info" value="mixed mode"/>
    <property name="java.vendor" value="Oracle Corporation"/>
    <property name="java.vm.version" value="25.231-b11"/>
    <property name="java.ext.dirs" value="C:\Program Files\Java\jdk1.8.0_231\jre\lib\ext;C:\WINDOWS\Sun\Java\lib\ext"/>
    <property name="sun.io.unicode.encoding" value="UnicodeLittle"/>
    <property name="testng.Passed" value="0"/>
    <property name="java.class.version" value="52.0"/>
  </properties>
  <testcase name="setup" classname="VivekTechnologies.testcases.Login" time="3.367">
    <failure message="session not created: This version of ChromeDriver only supports Chrome version 91&#10;Current browser version is 96.0.4664.45 with binary path C:\Program Files (x86)\Google\Chrome\Application\chrome.exe&#10;Build info: version: &apos;3.141.59&apos;, revision: &apos;e82be7d358&apos;, time: &apos;2018-11-14T08:17:03&apos;&#10;System info: host: &apos;AVENGER-PC&apos;, ip: &apos;192.168.29.136&apos;, os.name: &apos;Windows 10&apos;, os.arch: &apos;amd64&apos;, os.version: &apos;10.0&apos;, java.version: &apos;1.8.0_231&apos;&#10;Driver info: driver.version: ChromeDriver&#10;remote stacktrace: Backtrace:&#10;	Ordinal0 [0x004D3733+2504499]&#10;	Ordinal0 [0x0046C401+2081793]&#10;	Ordinal0 [0x00372628+1058344]&#10;	Ordinal0 [0x0039071A+1181466]&#10;	Ordinal0 [0x0038C58C+1164684]&#10;	Ordinal0 [0x00389DC3+1154499]&#10;	Ordinal0 [0x003B9B82+1350530]&#10;	Ordinal0 [0x003B97DA+1349594]&#10;	Ordinal0 [0x003B5D4B+1334603]&#10;	Ordinal0 [0x003922B4+1188532]&#10;	Ordinal0 [0x00393149+1192265]&#10;	GetHandleVerifier [0x0064FB8C+1512252]&#10;	GetHandleVerifier [0x006FB0DF+2214031]&#10;	GetHandleVerifier [0x00554BC3+484211]&#10;	GetHandleVerifier [0x00553E69+480793]&#10;	Ordinal0 [0x0047218D+2105741]&#10;	Ordinal0 [0x004766E8+2123496]&#10;	Ordinal0 [0x00476827+2123815]&#10;	Ordinal0 [0x0047FB73+2161523]&#10;	BaseThreadInitThunk [0x7540FA29+25]&#10;	RtlGetAppContainerNamedObjectPath [0x773C7A9E+286]&#10;	RtlGetAppContainerNamedObjectPath [0x773C7A6E+238]&#10;" type="org.openqa.selenium.SessionNotCreatedException"><![CDATA[org.openqa.selenium.SessionNotCreatedException: 
session not created: This version of ChromeDriver only supports Chrome version 91
Current browser version is 96.0.4664.45 with binary path C:\Program Files (x86)\Google\Chrome\Application\chrome.exe
Build info: version: '3.141.59', revision: 'e82be7d358', time: '2018-11-14T08:17:03'
System info: host: 'AVENGER-PC', ip: '192.168.29.136', os.name: 'Windows 10', os.arch: 'amd64', os.version: '10.0', java.version: '1.8.0_231'
Driver info: driver.version: ChromeDriver
remote stacktrace: Backtrace:
	Ordinal0 [0x004D3733+2504499]
	Ordinal0 [0x0046C401+2081793]
	Ordinal0 [0x00372628+1058344]
	Ordinal0 [0x0039071A+1181466]
	Ordinal0 [0x0038C58C+1164684]
	Ordinal0 [0x00389DC3+1154499]
	Ordinal0 [0x003B9B82+1350530]
	Ordinal0 [0x003B97DA+1349594]
	Ordinal0 [0x003B5D4B+1334603]
	Ordinal0 [0x003922B4+1188532]
	Ordinal0 [0x00393149+1192265]
	GetHandleVerifier [0x0064FB8C+1512252]
	GetHandleVerifier [0x006FB0DF+2214031]
	GetHandleVerifier [0x00554BC3+484211]
	GetHandleVerifier [0x00553E69+480793]
	Ordinal0 [0x0047218D+2105741]
	Ordinal0 [0x004766E8+2123496]
	Ordinal0 [0x00476827+2123815]
	Ordinal0 [0x0047FB73+2161523]
	BaseThreadInitThunk [0x7540FA29+25]
	RtlGetAppContainerNamedObjectPath [0x773C7A9E+286]
	RtlGetAppContainerNamedObjectPath [0x773C7A6E+238]

]]></failure>
    <system-err><![CDATA[Starting ChromeDriver 91.0.4472.101 (af52a90bf87030dd1523486a1cd3ae25c5d76c9b-refs/branch-heads/4472@{#1462}) on port 15059
Only local connections are allowed.
Please see https://chromedriver.chromium.org/security-considerations for suggestions on keeping ChromeDriver safe.
ChromeDriver was started successfully.
]]></system-err>
  </testcase>
  <testcase name="test1" classname="VivekTechnologies.testcases.Login" time="0">
    <skipped message="session not created: This version of ChromeDriver only supports Chrome version 91&#10;Current browser version is 96.0.4664.45 with binary path C:\Program Files (x86)\Google\Chrome\Application\chrome.exe&#10;Build info: version: &apos;3.141.59&apos;, revision: &apos;e82be7d358&apos;, time: &apos;2018-11-14T08:17:03&apos;&#10;System info: host: &apos;AVENGER-PC&apos;, ip: &apos;192.168.29.136&apos;, os.name: &apos;Windows 10&apos;, os.arch: &apos;amd64&apos;, os.version: &apos;10.0&apos;, java.version: &apos;1.8.0_231&apos;&#10;Driver info: driver.version: ChromeDriver&#10;remote stacktrace: Backtrace:&#10;	Ordinal0 [0x004D3733+2504499]&#10;	Ordinal0 [0x0046C401+2081793]&#10;	Ordinal0 [0x00372628+1058344]&#10;	Ordinal0 [0x0039071A+1181466]&#10;	Ordinal0 [0x0038C58C+1164684]&#10;	Ordinal0 [0x00389DC3+1154499]&#10;	Ordinal0 [0x003B9B82+1350530]&#10;	Ordinal0 [0x003B97DA+1349594]&#10;	Ordinal0 [0x003B5D4B+1334603]&#10;	Ordinal0 [0x003922B4+1188532]&#10;	Ordinal0 [0x00393149+1192265]&#10;	GetHandleVerifier [0x0064FB8C+1512252]&#10;	GetHandleVerifier [0x006FB0DF+2214031]&#10;	GetHandleVerifier [0x00554BC3+484211]&#10;	GetHandleVerifier [0x00553E69+480793]&#10;	Ordinal0 [0x0047218D+2105741]&#10;	Ordinal0 [0x004766E8+2123496]&#10;	Ordinal0 [0x00476827+2123815]&#10;	Ordinal0 [0x0047FB73+2161523]&#10;	BaseThreadInitThunk [0x7540FA29+25]&#10;	RtlGetAppContainerNamedObjectPath [0x773C7A9E+286]&#10;	RtlGetAppContainerNamedObjectPath [0x773C7A6E+238]&#10;"/>
  </testcase>
  <testcase name="teardown" classname="VivekTechnologies.testcases.Login" time="0">
    <skipped/>
    <system-out><![CDATA[==============================================================================================
Total Passed: 0(+0), Failures: 0(+0), Skips: 1(+1)
==============================================================================================
==============================================================================================
Total Passed: 0(+0), Failures: 0(+0), Skips: 2(+1)
==============================================================================================
]]></system-out>
  </testcase>
</testsuite>