<?xml version="1.0" encoding="UTF-8"?>
<testsuite xmlns:xsi="http://www.w3.org/2001/XMLSchema-instance" xsi:noNamespaceSchemaLocation="https://maven.apache.org/surefire/maven-surefire-plugin/xsd/surefire-test-report-3.0.xsd" version="3.0" name="TestSuite" time="13.257" tests="5" errors="0" skipped="0" failures="0">
  <properties>
    <property name="sun.desktop" value="windows"/>
    <property name="awt.toolkit" value="sun.awt.windows.WToolkit"/>
    <property name="java.specification.version" value="1.8"/>
    <property name="file.encoding.pkg" value="sun.io"/>
    <property name="webdriver.chrome.driver" value="C:\Users\vivsahu\Desktop\SeleniumUI\Project1\TestNG_June2021\src\test\resources\executables\chromedriver.exe"/>
    <property name="sun.cpu.isalist" value="amd64"/>
    <property name="sun.jnu.encoding" value="Cp1252"/>
    <property name="java.class.path" value="C:\Users\vivsahu\Desktop\SeleniumUI\Project1\TestNG_June2021\target\test-classes;C:\Users\vivsahu\Desktop\SeleniumUI\Project1\TestNG_June2021\target\classes;C:\Users\vivsahu\.m2\repository\org\seleniumhq\selenium\selenium-java\3.141.59\selenium-java-3.141.59.jar;C:\Users\vivsahu\.m2\repository\org\seleniumhq\selenium\selenium-api\3.141.59\selenium-api-3.141.59.jar;C:\Users\vivsahu\.m2\repository\org\seleniumhq\selenium\selenium-edge-driver\3.141.59\selenium-edge-driver-3.141.59.jar;C:\Users\vivsahu\.m2\repository\org\seleniumhq\selenium\selenium-firefox-driver\3.141.59\selenium-firefox-driver-3.141.59.jar;C:\Users\vivsahu\.m2\repository\org\seleniumhq\selenium\selenium-ie-driver\3.141.59\selenium-ie-driver-3.141.59.jar;C:\Users\vivsahu\.m2\repository\org\seleniumhq\selenium\selenium-opera-driver\3.141.59\selenium-opera-driver-3.141.59.jar;C:\Users\vivsahu\.m2\repository\org\seleniumhq\selenium\selenium-remote-driver\3.141.59\selenium-remote-driver-3.141.59.jar;C:\Users\vivsahu\.m2\repository\org\seleniumhq\selenium\selenium-safari-driver\3.141.59\selenium-safari-driver-3.141.59.jar;C:\Users\vivsahu\.m2\repository\org\seleniumhq\selenium\selenium-support\3.141.59\selenium-support-3.141.59.jar;C:\Users\vivsahu\.m2\repository\net\bytebuddy\byte-buddy\1.8.15\byte-buddy-1.8.15.jar;C:\Users\vivsahu\.m2\repository\org\apache\commons\commons-exec\1.3\commons-exec-1.3.jar;C:\Users\vivsahu\.m2\repository\com\google\guava\guava\25.0-jre\guava-25.0-jre.jar;C:\Users\vivsahu\.m2\repository\com\google\code\findbugs\jsr305\1.3.9\jsr305-1.3.9.jar;C:\Users\vivsahu\.m2\repository\org\checkerframework\checker-compat-qual\2.0.0\checker-compat-qual-2.0.0.jar;C:\Users\vivsahu\.m2\repository\com\google\errorprone\error_prone_annotations\2.1.3\error_prone_annotations-2.1.3.jar;C:\Users\vivsahu\.m2\repository\com\google\j2objc\j2objc-annotations\1.1\j2objc-annotations-1.1.jar;C:\Users\vivsahu\.m2\repository\org\codehaus\mojo\animal-sniffer-annotations\1.14\animal-sniffer-annotations-1.14.jar;C:\Users\vivsahu\.m2\repository\com\squareup\okhttp3\okhttp\3.11.0\okhttp-3.11.0.jar;C:\Users\vivsahu\.m2\repository\com\squareup\okio\okio\1.14.0\okio-1.14.0.jar;C:\Users\vivsahu\.m2\repository\org\apache\httpcomponents\httpclient\4.5.13\httpclient-4.5.13.jar;C:\Users\vivsahu\.m2\repository\org\apache\httpcomponents\httpcore\4.4.13\httpcore-4.4.13.jar;C:\Users\vivsahu\.m2\repository\commons-logging\commons-logging\1.2\commons-logging-1.2.jar;C:\Users\vivsahu\.m2\repository\commons-codec\commons-codec\1.11\commons-codec-1.11.jar;C:\Users\vivsahu\.m2\repository\org\testng\testng\7.1.0\testng-7.1.0.jar;C:\Users\vivsahu\.m2\repository\com\beust\jcommander\1.72\jcommander-1.72.jar;C:\Users\vivsahu\.m2\repository\com\google\inject\guice\4.1.0\guice-4.1.0-no_aop.jar;C:\Users\vivsahu\.m2\repository\org\yaml\snakeyaml\1.21\snakeyaml-1.21.jar;C:\Users\vivsahu\.m2\repository\net\rcarz\jira-client\0.5\jira-client-0.5.jar;C:\Users\vivsahu\.m2\repository\org\apache\httpcomponents\httpmime\4.2.5\httpmime-4.2.5.jar;C:\Users\vivsahu\.m2\repository\net\sf\json-lib\json-lib\2.4\json-lib-2.4-jdk15.jar;C:\Users\vivsahu\.m2\repository\commons-beanutils\commons-beanutils\1.8.0\commons-beanutils-1.8.0.jar;C:\Users\vivsahu\.m2\repository\commons-collections\commons-collections\3.2.1\commons-collections-3.2.1.jar;C:\Users\vivsahu\.m2\repository\commons-lang\commons-lang\2.5\commons-lang-2.5.jar;C:\Users\vivsahu\.m2\repository\net\sf\ezmorph\ezmorph\1.0.6\ezmorph-1.0.6.jar;C:\Users\vivsahu\.m2\repository\joda-time\joda-time\2.3\joda-time-2.3.jar;C:\Users\vivsahu\.m2\repository\junit\junit\4.8.2\junit-4.8.2.jar;C:\Users\vivsahu\.m2\repository\org\mockito\mockito-all\1.9.0\mockito-all-1.9.0.jar;C:\Users\vivsahu\.m2\repository\commons-httpclient\commons-httpclient\3.1\commons-httpclient-3.1.jar;C:\Users\vivsahu\.m2\repository\org\seleniumhq\selenium\selenium-chrome-driver\3.141.59\selenium-chrome-driver-3.141.59.jar;C:\Users\vivsahu\.m2\repository\ch\qos\logback\logback-classic\1.1.7\logback-classic-1.1.7.jar;C:\Users\vivsahu\.m2\repository\ch\qos\logback\logback-core\1.1.7\logback-core-1.1.7.jar;C:\Users\vivsahu\.m2\repository\org\slf4j\slf4j-api\1.7.20\slf4j-api-1.7.20.jar;C:\Users\vivsahu\.m2\repository\com\github\sdrss\reportng\2.6.2\reportng-2.6.2.jar;C:\Users\vivsahu\.m2\repository\velocity\velocity\1.5\velocity-1.5.jar;C:\Users\vivsahu\.m2\repository\oro\oro\2.0.8\oro-2.0.8.jar;C:\Users\vivsahu\.m2\repository\commons-io\commons-io\2.7\commons-io-2.7.jar;C:\Users\vivsahu\.m2\repository\com\fasterxml\jackson\core\jackson-core\2.10.1\jackson-core-2.10.1.jar;C:\Users\vivsahu\.m2\repository\com\fasterxml\jackson\core\jackson-databind\2.10.5.1\jackson-databind-2.10.5.1.jar;C:\Users\vivsahu\.m2\repository\com\fasterxml\jackson\core\jackson-annotations\2.10.1\jackson-annotations-2.10.1.jar;C:\Users\vivsahu\.m2\repository\com\google\inject\guice\5.0.1\guice-5.0.1.jar;C:\Users\vivsahu\.m2\repository\javax\inject\javax.inject\1\javax.inject-1.jar;C:\Users\vivsahu\.m2\repository\aopalliance\aopalliance\1.0\aopalliance-1.0.jar;C:\Users\vivsahu\.m2\repository\javax\mail\javax.mail-api\1.6.2\javax.mail-api-1.6.2.jar;C:\Users\vivsahu\.m2\repository\mysql\mysql-connector-java\6.0.5\mysql-connector-java-6.0.5.jar;C:\Users\vivsahu\.m2\repository\org\apache\poi\poi\3.6\poi-3.6.jar;C:\Users\vivsahu\.m2\repository\log4j\log4j\1.2.13\log4j-1.2.13.jar;C:\Users\vivsahu\.m2\repository\org\apache\poi\poi-ooxml\3.6\poi-ooxml-3.6.jar;C:\Users\vivsahu\.m2\repository\dom4j\dom4j\1.1\dom4j-1.1.jar;C:\Users\vivsahu\.m2\repository\org\apache\xmlbeans\xmlbeans\2.3.0\xmlbeans-2.3.0.jar;C:\Users\vivsahu\.m2\repository\stax\stax-api\1.0.1\stax-api-1.0.1.jar;C:\Users\vivsahu\.m2\repository\org\apache\poi\poi-ooxml-schemas\3.6\poi-ooxml-schemas-3.6.jar;C:\Users\vivsahu\.m2\repository\org\apache\geronimo\specs\geronimo-stax-api_1.0_spec\1.0\geronimo-stax-api_1.0_spec-1.0.jar;C:\Users\vivsahu\.m2\repository\com\relevantcodes\extentreports\2.41.2\extentreports-2.41.2.jar;C:\Users\vivsahu\.m2\repository\org\jsoup\jsoup\1.8.3\jsoup-1.8.3.jar;C:\Users\vivsahu\.m2\repository\org\xerial\sqlite-jdbc\3.8.11.1\sqlite-jdbc-3.8.11.1.jar;C:\Users\vivsahu\.m2\repository\org\freemarker\freemarker\2.3.23\freemarker-2.3.23.jar;C:\Users\vivsahu\.m2\repository\org\mongodb\mongodb-driver\3.0.4\mongodb-driver-3.0.4.jar;C:\Users\vivsahu\.m2\repository\org\mongodb\bson\3.0.4\bson-3.0.4.jar;C:\Users\vivsahu\.m2\repository\org\mongodb\mongodb-driver-core\3.0.4\mongodb-driver-core-3.0.4.jar;"/>
    <property name="testng.Skipped" value="0"/>
    <property name="java.vm.vendor" value="Amazon.com Inc."/>
    <property name="sun.arch.data.model" value="64"/>
    <property name="user.variant" value=""/>
    <property name="java.vendor.url" value="https://aws.amazon.com/corretto/"/>
    <property name="user.timezone" value="Asia/Calcutta"/>
    <property name="java.vm.specification.version" value="1.8"/>
    <property name="os.name" value="Windows 10"/>
    <property name="user.country" value="US"/>
    <property name="sun.java.launcher" value="SUN_STANDARD"/>
    <property name="sun.boot.library.path" value="C:\Users\vivsahu\.jdks\corretto-1.8.0_292\jre\bin"/>
    <property name="sun.java.command" value="C:\Users\vivsahu\AppData\Local\Temp\surefire6251858332148652167\surefirebooter8736103327544346601.jar C:\Users\vivsahu\AppData\Local\Temp\surefire6251858332148652167 2021-07-02T11-30-44_842-jvmRun1 surefire5590940400301878183tmp surefire_08293226434775999248tmp"/>
    <property name="surefire.test.class.path" value="C:\Users\vivsahu\Desktop\SeleniumUI\Project1\TestNG_June2021\target\test-classes;C:\Users\vivsahu\Desktop\SeleniumUI\Project1\TestNG_June2021\target\classes;C:\Users\vivsahu\.m2\repository\org\seleniumhq\selenium\selenium-java\3.141.59\selenium-java-3.141.59.jar;C:\Users\vivsahu\.m2\repository\org\seleniumhq\selenium\selenium-api\3.141.59\selenium-api-3.141.59.jar;C:\Users\vivsahu\.m2\repository\org\seleniumhq\selenium\selenium-edge-driver\3.141.59\selenium-edge-driver-3.141.59.jar;C:\Users\vivsahu\.m2\repository\org\seleniumhq\selenium\selenium-firefox-driver\3.141.59\selenium-firefox-driver-3.141.59.jar;C:\Users\vivsahu\.m2\repository\org\seleniumhq\selenium\selenium-ie-driver\3.141.59\selenium-ie-driver-3.141.59.jar;C:\Users\vivsahu\.m2\repository\org\seleniumhq\selenium\selenium-opera-driver\3.141.59\selenium-opera-driver-3.141.59.jar;C:\Users\vivsahu\.m2\repository\org\seleniumhq\selenium\selenium-remote-driver\3.141.59\selenium-remote-driver-3.141.59.jar;C:\Users\vivsahu\.m2\repository\org\seleniumhq\selenium\selenium-safari-driver\3.141.59\selenium-safari-driver-3.141.59.jar;C:\Users\vivsahu\.m2\repository\org\seleniumhq\selenium\selenium-support\3.141.59\selenium-support-3.141.59.jar;C:\Users\vivsahu\.m2\repository\net\bytebuddy\byte-buddy\1.8.15\byte-buddy-1.8.15.jar;C:\Users\vivsahu\.m2\repository\org\apache\commons\commons-exec\1.3\commons-exec-1.3.jar;C:\Users\vivsahu\.m2\repository\com\google\guava\guava\25.0-jre\guava-25.0-jre.jar;C:\Users\vivsahu\.m2\repository\com\google\code\findbugs\jsr305\1.3.9\jsr305-1.3.9.jar;C:\Users\vivsahu\.m2\repository\org\checkerframework\checker-compat-qual\2.0.0\checker-compat-qual-2.0.0.jar;C:\Users\vivsahu\.m2\repository\com\google\errorprone\error_prone_annotations\2.1.3\error_prone_annotations-2.1.3.jar;C:\Users\vivsahu\.m2\repository\com\google\j2objc\j2objc-annotations\1.1\j2objc-annotations-1.1.jar;C:\Users\vivsahu\.m2\repository\org\codehaus\mojo\animal-sniffer-annotations\1.14\animal-sniffer-annotations-1.14.jar;C:\Users\vivsahu\.m2\repository\com\squareup\okhttp3\okhttp\3.11.0\okhttp-3.11.0.jar;C:\Users\vivsahu\.m2\repository\com\squareup\okio\okio\1.14.0\okio-1.14.0.jar;C:\Users\vivsahu\.m2\repository\org\apache\httpcomponents\httpclient\4.5.13\httpclient-4.5.13.jar;C:\Users\vivsahu\.m2\repository\org\apache\httpcomponents\httpcore\4.4.13\httpcore-4.4.13.jar;C:\Users\vivsahu\.m2\repository\commons-logging\commons-logging\1.2\commons-logging-1.2.jar;C:\Users\vivsahu\.m2\repository\commons-codec\commons-codec\1.11\commons-codec-1.11.jar;C:\Users\vivsahu\.m2\repository\org\testng\testng\7.1.0\testng-7.1.0.jar;C:\Users\vivsahu\.m2\repository\com\beust\jcommander\1.72\jcommander-1.72.jar;C:\Users\vivsahu\.m2\repository\com\google\inject\guice\4.1.0\guice-4.1.0-no_aop.jar;C:\Users\vivsahu\.m2\repository\org\yaml\snakeyaml\1.21\snakeyaml-1.21.jar;C:\Users\vivsahu\.m2\repository\net\rcarz\jira-client\0.5\jira-client-0.5.jar;C:\Users\vivsahu\.m2\repository\org\apache\httpcomponents\httpmime\4.2.5\httpmime-4.2.5.jar;C:\Users\vivsahu\.m2\repository\net\sf\json-lib\json-lib\2.4\json-lib-2.4-jdk15.jar;C:\Users\vivsahu\.m2\repository\commons-beanutils\commons-beanutils\1.8.0\commons-beanutils-1.8.0.jar;C:\Users\vivsahu\.m2\repository\commons-collections\commons-collections\3.2.1\commons-collections-3.2.1.jar;C:\Users\vivsahu\.m2\repository\commons-lang\commons-lang\2.5\commons-lang-2.5.jar;C:\Users\vivsahu\.m2\repository\net\sf\ezmorph\ezmorph\1.0.6\ezmorph-1.0.6.jar;C:\Users\vivsahu\.m2\repository\joda-time\joda-time\2.3\joda-time-2.3.jar;C:\Users\vivsahu\.m2\repository\junit\junit\4.8.2\junit-4.8.2.jar;C:\Users\vivsahu\.m2\repository\org\mockito\mockito-all\1.9.0\mockito-all-1.9.0.jar;C:\Users\vivsahu\.m2\repository\commons-httpclient\commons-httpclient\3.1\commons-httpclient-3.1.jar;C:\Users\vivsahu\.m2\repository\org\seleniumhq\selenium\selenium-chrome-driver\3.141.59\selenium-chrome-driver-3.141.59.jar;C:\Users\vivsahu\.m2\repository\ch\qos\logback\logback-classic\1.1.7\logback-classic-1.1.7.jar;C:\Users\vivsahu\.m2\repository\ch\qos\logback\logback-core\1.1.7\logback-core-1.1.7.jar;C:\Users\vivsahu\.m2\repository\org\slf4j\slf4j-api\1.7.20\slf4j-api-1.7.20.jar;C:\Users\vivsahu\.m2\repository\com\github\sdrss\reportng\2.6.2\reportng-2.6.2.jar;C:\Users\vivsahu\.m2\repository\velocity\velocity\1.5\velocity-1.5.jar;C:\Users\vivsahu\.m2\repository\oro\oro\2.0.8\oro-2.0.8.jar;C:\Users\vivsahu\.m2\repository\commons-io\commons-io\2.7\commons-io-2.7.jar;C:\Users\vivsahu\.m2\repository\com\fasterxml\jackson\core\jackson-core\2.10.1\jackson-core-2.10.1.jar;C:\Users\vivsahu\.m2\repository\com\fasterxml\jackson\core\jackson-databind\2.10.5.1\jackson-databind-2.10.5.1.jar;C:\Users\vivsahu\.m2\repository\com\fasterxml\jackson\core\jackson-annotations\2.10.1\jackson-annotations-2.10.1.jar;C:\Users\vivsahu\.m2\repository\com\google\inject\guice\5.0.1\guice-5.0.1.jar;C:\Users\vivsahu\.m2\repository\javax\inject\javax.inject\1\javax.inject-1.jar;C:\Users\vivsahu\.m2\repository\aopalliance\aopalliance\1.0\aopalliance-1.0.jar;C:\Users\vivsahu\.m2\repository\javax\mail\javax.mail-api\1.6.2\javax.mail-api-1.6.2.jar;C:\Users\vivsahu\.m2\repository\mysql\mysql-connector-java\6.0.5\mysql-connector-java-6.0.5.jar;C:\Users\vivsahu\.m2\repository\org\apache\poi\poi\3.6\poi-3.6.jar;C:\Users\vivsahu\.m2\repository\log4j\log4j\1.2.13\log4j-1.2.13.jar;C:\Users\vivsahu\.m2\repository\org\apache\poi\poi-ooxml\3.6\poi-ooxml-3.6.jar;C:\Users\vivsahu\.m2\repository\dom4j\dom4j\1.1\dom4j-1.1.jar;C:\Users\vivsahu\.m2\repository\org\apache\xmlbeans\xmlbeans\2.3.0\xmlbeans-2.3.0.jar;C:\Users\vivsahu\.m2\repository\stax\stax-api\1.0.1\stax-api-1.0.1.jar;C:\Users\vivsahu\.m2\repository\org\apache\poi\poi-ooxml-schemas\3.6\poi-ooxml-schemas-3.6.jar;C:\Users\vivsahu\.m2\repository\org\apache\geronimo\specs\geronimo-stax-api_1.0_spec\1.0\geronimo-stax-api_1.0_spec-1.0.jar;C:\Users\vivsahu\.m2\repository\com\relevantcodes\extentreports\2.41.2\extentreports-2.41.2.jar;C:\Users\vivsahu\.m2\repository\org\jsoup\jsoup\1.8.3\jsoup-1.8.3.jar;C:\Users\vivsahu\.m2\repository\org\xerial\sqlite-jdbc\3.8.11.1\sqlite-jdbc-3.8.11.1.jar;C:\Users\vivsahu\.m2\repository\org\freemarker\freemarker\2.3.23\freemarker-2.3.23.jar;C:\Users\vivsahu\.m2\repository\org\mongodb\mongodb-driver\3.0.4\mongodb-driver-3.0.4.jar;C:\Users\vivsahu\.m2\repository\org\mongodb\bson\3.0.4\bson-3.0.4.jar;C:\Users\vivsahu\.m2\repository\org\mongodb\mongodb-driver-core\3.0.4\mongodb-driver-core-3.0.4.jar;"/>
    <property name="sun.cpu.endian" value="little"/>
    <property name="user.home" value="C:\Users\vivsahu"/>
    <property name="user.language" value="en"/>
    <property name="java.specification.vendor" value="Oracle Corporation"/>
    <property name="java.home" value="C:\Users\vivsahu\.jdks\corretto-1.8.0_292\jre"/>
    <property name="basedir" value="C:\Users\vivsahu\Desktop\SeleniumUI\Project1\TestNG_June2021"/>
    <property name="file.separator" value="\"/>
    <property name="line.separator" value="&#10;"/>
    <property name="testng.Failed" value="0"/>
    <property name="java.vm.specification.vendor" value="Oracle Corporation"/>
    <property name="java.specification.name" value="Java Platform API Specification"/>
    <property name="java.awt.graphicsenv" value="sun.awt.Win32GraphicsEnvironment"/>
    <property name="surefire.real.class.path" value="C:\Users\vivsahu\AppData\Local\Temp\surefire6251858332148652167\surefirebooter8736103327544346601.jar"/>
    <property name="sun.boot.class.path" value="C:\Users\vivsahu\.jdks\corretto-1.8.0_292\jre\lib\resources.jar;C:\Users\vivsahu\.jdks\corretto-1.8.0_292\jre\lib\rt.jar;C:\Users\vivsahu\.jdks\corretto-1.8.0_292\jre\lib\sunrsasign.jar;C:\Users\vivsahu\.jdks\corretto-1.8.0_292\jre\lib\jsse.jar;C:\Users\vivsahu\.jdks\corretto-1.8.0_292\jre\lib\jce.jar;C:\Users\vivsahu\.jdks\corretto-1.8.0_292\jre\lib\charsets.jar;C:\Users\vivsahu\.jdks\corretto-1.8.0_292\jre\lib\jfr.jar;C:\Users\vivsahu\.jdks\corretto-1.8.0_292\jre\classes"/>
    <property name="user.script" value=""/>
    <property name="sun.management.compiler" value="HotSpot 64-Bit Tiered Compilers"/>
    <property name="java.runtime.version" value="1.8.0_292-b10"/>
    <property name="user.name" value="vivsahu"/>
    <property name="path.separator" value=";"/>
    <property name="os.version" value="10.0"/>
    <property name="testng.KnownDefect" value="0"/>
    <property name="java.endorsed.dirs" value="C:\Users\vivsahu\.jdks\corretto-1.8.0_292\jre\lib\endorsed"/>
    <property name="java.runtime.name" value="OpenJDK Runtime Environment"/>
    <property name="file.encoding" value="Cp1252"/>
    <property name="testng.Fixed" value="0"/>
    <property name="java.vm.name" value="OpenJDK 64-Bit Server VM"/>
    <property name="localRepository" value="C:\Users\vivsahu\.m2\repository"/>
    <property name="java.vendor.url.bug" value="https://github.com/corretto/corretto-8/issues/"/>
    <property name="java.io.tmpdir" value="C:\Users\vivsahu\AppData\Local\Temp\"/>
    <property name="idea.version" value="2021.1.1"/>
    <property name="java.version" value="1.8.0_292"/>
    <property name="user.dir" value="C:\Users\vivsahu\Desktop\SeleniumUI\Project1\TestNG_June2021"/>
    <property name="os.arch" value="amd64"/>
    <property name="java.vm.specification.name" value="Java Virtual Machine Specification"/>
    <property name="java.awt.printerjob" value="sun.awt.windows.WPrinterJob"/>
    <property name="sun.os.patch.level" value=""/>
    <property name="java.library.path" value="C:\Users\vivsahu\.jdks\corretto-1.8.0_292\jre\bin;C:\WINDOWS\Sun\Java\bin;C:\WINDOWS\system32;C:\WINDOWS;C:\Program Files (x86)\Common Files\Oracle\Java\javapath;C:\Program Files (x86)\Intel\Intel(R) Management Engine Components\iCLS\;C:\Program Files\Intel\Intel(R) Management Engine Components\iCLS\;C:\WINDOWS\system32;C:\WINDOWS;C:\WINDOWS\System32\Wbem;C:\WINDOWS\System32\WindowsPowerShell\v1.0\;C:\WINDOWS\System32\OpenSSH\;C:\Program Files (x86)\Intel\Intel(R) Management Engine Components\DAL;C:\Program Files\Intel\Intel(R) Management Engine Components\DAL;C:\Program Files (x86)\Intel\Intel(R) Management Engine Components\IPT;C:\Program Files\Intel\Intel(R) Management Engine Components\IPT;C:\Users\vivsahu\AppData\Local\Microsoft\WindowsApps;C:\Users\vivsahu\AppData\Local\Microsoft\WindowsApps;C:\Users\vivsahu\AppData\Local\Programs\Git\cmd;."/>
    <property name="java.vm.info" value="mixed mode"/>
    <property name="java.vendor" value="Amazon.com Inc."/>
    <property name="java.vm.version" value="25.292-b10"/>
    <property name="java.ext.dirs" value="C:\Users\vivsahu\.jdks\corretto-1.8.0_292\jre\lib\ext;C:\WINDOWS\Sun\Java\lib\ext"/>
    <property name="sun.io.unicode.encoding" value="UnicodeLittle"/>
    <property name="testng.Passed" value="10"/>
    <property name="java.class.version" value="52.0"/>
  </properties>
  <testcase name="test1" classname="VivekTechnologies.testcases.Login" time="3.086">
    <system-out><![CDATA[11:31:00.891 [main] INFO VivekTechnologies.base.TestBase - setupmethod
11:31:04.812 [main] INFO VivekTechnologies.base.TestBase - window is open
11:31:05.031 [main] INFO VivekTechnologies.base.TestBase - window is maximised
]]></system-out>
    <system-err><![CDATA[Starting ChromeDriver 91.0.4472.101 (af52a90bf87030dd1523486a1cd3ae25c5d76c9b-refs/branch-heads/4472@{#1462}) on port 42516
Only local connections are allowed.
Please see https://chromedriver.chromium.org/security-considerations for suggestions on keeping ChromeDriver safe.
ChromeDriver was started successfully.
Jul 02, 2021 11:31:03 AM org.openqa.selenium.remote.ProtocolHandshake createSession
INFO: Detected dialect: W3C
]]></system-err>
  </testcase>
  <testcase name="addCustomer[A, P, 452021.0, Customer](1)" classname="VivekTechnologies.testcases.AddCustomerTest" time="0.478">
    <system-out><![CDATA[==============================================================================================
Total Passed: 1(+1), Failures: 0(+0), Skips: 0(+0)
==============================================================================================
==============================================================================================
Total Passed: 2(+1), Failures: 0(+0), Skips: 0(+0)
==============================================================================================
]]></system-out>
  </testcase>
  <testcase name="addCustomer[B, Q, 452022.0, Customer](2)" classname="VivekTechnologies.testcases.AddCustomerTest" time="0.317"/>
  <testcase name="addCustomer[C, R, 452023.0, Customer](3)" classname="VivekTechnologies.testcases.AddCustomerTest" time="0.432"/>
  <testcase name="addCustomer[D, S, 452024.0, Customer](4)" classname="VivekTechnologies.testcases.AddCustomerTest" time="0.466"/>
</testsuite>