<?xml version="1.0" encoding="UTF-8"?>
<!-- Generated by org.testng.reporters.JUnitReportReporter -->
<testsuite skipped="0" hostname="Avenger-PC" name="VivekTechnologies.testcases.AddCustomerTest" tests="4" failures="0" timestamp="01 Jul 2021 16:03:17 GMT" time="8.019" errors="0">
  <testcase name="addCustomer" time="0.422" classname="VivekTechnologies.testcases.AddCustomerTest"/>
  <testcase name="addCustomer" time="0.505" classname="VivekTechnologies.testcases.AddCustomerTest"/>
  <testcase name="addCustomer" time="5.504" classname="VivekTechnologies.testcases.AddCustomerTest"/>
  <testcase name="addCustomer" time="1.588" classname="VivekTechnologies.testcases.AddCustomerTest"/>
</testsuite> <!-- VivekTechnologies.testcases.AddCustomerTest -->
