<?xml version="1.0" encoding="UTF-8"?>
<!-- Generated by org.testng.reporters.JUnitReportReporter -->
<testsuite skipped="0" hostname="Avenger-PC" name="VivekTechnologies.testcases.AddCustomerTest" tests="4" failures="0" timestamp="01 Jul 2021 16:49:13 GMT" time="2.027" errors="0">
  <testcase name="addCustomer" time="0.630" classname="VivekTechnologies.testcases.AddCustomerTest"/>
  <testcase name="addCustomer" time="0.457" classname="VivekTechnologies.testcases.AddCustomerTest"/>
  <testcase name="addCustomer" time="0.479" classname="VivekTechnologies.testcases.AddCustomerTest"/>
  <testcase name="addCustomer" time="0.461" classname="VivekTechnologies.testcases.AddCustomerTest"/>
</testsuite> <!-- VivekTechnologies.testcases.AddCustomerTest -->
