<?xml version="1.0" encoding="UTF-8"?>
<!-- Generated by org.testng.reporters.JUnitReportReporter -->
<testsuite skipped="0" hostname="Avenger-PC" name="VivekTechnologies.testcases.AddCustomerTest" tests="4" failures="0" timestamp="06 Jul 2021 17:18:06 GMT" time="3.341" errors="0">
  <testcase name="addCustomer" time="0.545" classname="VivekTechnologies.testcases.AddCustomerTest"/>
  <testcase name="addCustomer" time="1.484" classname="VivekTechnologies.testcases.AddCustomerTest"/>
  <testcase name="addCustomer" time="0.717" classname="VivekTechnologies.testcases.AddCustomerTest"/>
  <testcase name="addCustomer" time="0.595" classname="VivekTechnologies.testcases.AddCustomerTest"/>
</testsuite> <!-- VivekTechnologies.testcases.AddCustomerTest -->
