<?xml version="1.0" encoding="UTF-8"?>
<!-- Generated by org.testng.reporters.JUnitReportReporter -->
<testsuite skipped="0" hostname="Avenger-PC" name="VivekTechnologies.testcases.Login" tests="1" failures="0" timestamp="01 Jul 2021 16:49:13 GMT" time="3.074" errors="0">
  <testcase name="test1" time="3.074" classname="VivekTechnologies.testcases.Login"/>
</testsuite> <!-- VivekTechnologies.testcases.Login -->
