<?xml version="1.0" encoding="UTF-8"?>
<!-- Generated by org.testng.reporters.JUnitReportReporter -->
<testsuite skipped="0" hostname="Avenger-PC" name="VivekTechnologies.testcases.Login" tests="1" failures="0" timestamp="2021-07-01T22:07:03 IST" time="3.090" errors="0">
  <testcase name="test1" time="3.090" classname="VivekTechnologies.testcases.Login"/>
  <system-out/>
</testsuite> <!-- VivekTechnologies.testcases.Login -->
