<?xml version="1.0" encoding="UTF-8"?>
<!-- Generated by org.testng.reporters.JUnitReportReporter -->
<testsuite skipped="0" hostname="Avenger-PC" name="VivekTechnologies.testcases.AddCustomerTest" tests="4" failures="0" timestamp="2021-07-01T22:07:03 IST" time="1.830" errors="0">
  <testcase name="addCustomer" time="0.426" classname="VivekTechnologies.testcases.AddCustomerTest"/>
  <system-out>
Login Sucessfull-----  </system-out>
  <testcase name="addCustomer" time="0.375" classname="VivekTechnologies.testcases.AddCustomerTest"/>
  <system-out>
Login Sucessfull-----  </system-out>
  <testcase name="addCustomer" time="0.585" classname="VivekTechnologies.testcases.AddCustomerTest"/>
  <system-out>
Login Sucessfull-----  </system-out>
  <testcase name="addCustomer" time="0.444" classname="VivekTechnologies.testcases.AddCustomerTest"/>
  <system-out>
Login Sucessfull-----  </system-out>
</testsuite> <!-- VivekTechnologies.testcases.AddCustomerTest -->
